<?xml version="1.0" encoding="UTF-8"?>
<!-- Generated by org.testng.reporters.JUnitReportReporter -->
<testsuite skipped="0" hostname="LAPTOP-5VVGD02R" name="restapi.GET_AllCountries" tests="1" failures="0" timestamp="29 Nov 2018 22:29:49 GMT" time="1.362" errors="0">
  <testcase name="test" time="1.362" classname="restapi.GET_AllCountries"/>
</testsuite> <!-- restapi.GET_AllCountries -->
