<?xml version="1.0" encoding="UTF-8"?>
<!-- Generated by org.testng.reporters.JUnitReportReporter -->
<testsuite skipped="0" hostname="LAPTOP-5VVGD02R" name="OrangeallPagetitleincollection" tests="2" failures="0" timestamp="29 Nov 2018 22:08:23 GMT" time="32.036" errors="0">
  <testcase name="printOrangeHRMTitles" time="22.317" classname="OrangeallPagetitleincollection"/>
  <testcase name="printCurrentPageUrls" time="9.719" classname="OrangeallPagetitleincollection"/>
</testsuite> <!-- OrangeallPagetitleincollection -->
