<?xml version="1.0" encoding="UTF-8"?>
<!-- Generated by org.testng.reporters.JUnitReportReporter -->
<testsuite skipped="0" hostname="LAPTOP-5VVGD02R" name="TestNGClasses.TestNGclass2" tests="1" failures="0" timestamp="29 Nov 2018 21:17:04 GMT" time="0.004" errors="0">
  <testcase name="TestMethod_TestNGclass2" time="0.004" classname="TestNGClasses.TestNGclass2"/>
</testsuite> <!-- TestNGClasses.TestNGclass2 -->
