<?xml version="1.0" encoding="UTF-8"?>
<!-- Generated by org.testng.reporters.JUnitReportReporter -->
<testsuite skipped="0" hostname="LAPTOP-5VVGD02R" name="PrintPropertyValues" tests="1" failures="0" timestamp="29 Nov 2018 22:32:46 GMT" time="0.010" errors="0">
  <testcase name="printPropertyValues" time="0.010" classname="PrintPropertyValues"/>
</testsuite> <!-- PrintPropertyValues -->
